android/app/build/intermediates/manifest_merge_blame_file/debug/manifest-merger-blame-debug-report.txt
1<?xml version="1.0" encoding="utf-8"?>
2<manifest xmlns:android="http://schemas.android.com/apk/res/android"
3    package="com.milo"
4    android:versionCode="1"
5    android:versionName="1.0" >
6
7    <uses-sdk
8        android:minSdkVersion="21"
9        android:targetSdkVersion="29" />
10
11    <uses-permission android:name="android.permission.SYSTEM_ALERT_WINDOW" />
11-->src/debug/AndroidManifest.xml:5:5-77
11-->src/debug/AndroidManifest.xml:5:22-75
12    <uses-permission android:name="android.permission.INTERNET" />
12-->src/main/AndroidManifest.xml:4:1-62
12-->src/main/AndroidManifest.xml:4:18-60
13    <uses-permission android:name="android.permission.ACCESS_WIFI_STATE" />
13-->[com.facebook.flipper:flipper:0.75.1] AndroidManifest.xml:16:5-76
13-->[com.facebook.flipper:flipper:0.75.1] AndroidManifest.xml:16:22-73
14    <uses-permission android:name="android.permission.WAKE_LOCK" />
14-->[:react-native-firebase_auth] AndroidManifest.xml:12:5-68
14-->[:react-native-firebase_auth] AndroidManifest.xml:12:22-65
15    <uses-permission android:name="android.permission.ACCESS_NETWORK_STATE" />
15-->[:react-native-firebase_auth] AndroidManifest.xml:13:5-79
15-->[:react-native-firebase_auth] AndroidManifest.xml:13:22-76
16    <uses-permission android:name="com.google.android.finsky.permission.BIND_GET_INSTALL_REFERRER_SERVICE" />
16-->[com.android.installreferrer:installreferrer:1.0] AndroidManifest.xml:9:5-110
16-->[com.android.installreferrer:installreferrer:1.0] AndroidManifest.xml:9:22-107
17
18    <application
18-->src/main/AndroidManifest.xml:5:5-24:19
19        android:name="com.milo.MainApplication"
19-->src/main/AndroidManifest.xml:6:7-38
20        android:allowBackup="false"
20-->src/main/AndroidManifest.xml:10:7-34
21        android:appComponentFactory="androidx.core.app.CoreComponentFactory"
21-->[androidx.core:core:1.1.0] AndroidManifest.xml:24:18-86
22        android:debuggable="true"
23        android:icon="@mipmap/ic_launcher"
23-->src/main/AndroidManifest.xml:8:7-41
24        android:label="@string/app_name"
24-->src/main/AndroidManifest.xml:7:7-39
25        android:roundIcon="@mipmap/ic_launcher_round"
25-->src/main/AndroidManifest.xml:9:7-52
26        android:supportsRtl="true"
26-->[com.facebook.android:facebook-android-sdk:9.0.0] AndroidManifest.xml:28:18-44
27        android:theme="@style/AppTheme"
27-->src/main/AndroidManifest.xml:11:7-38
28        android:usesCleartextTraffic="true" >
28-->src/debug/AndroidManifest.xml:8:9-44
29        <activity android:name="com.facebook.react.devsupport.DevSettingsActivity" />
29-->src/debug/AndroidManifest.xml:11:9-86
29-->src/debug/AndroidManifest.xml:11:19-83
30
31        <meta-data
31-->src/main/AndroidManifest.xml:12:6-104
32            android:name="com.facebook.sdk.ApplicationId"
32-->src/main/AndroidManifest.xml:12:17-62
33            android:value="@string/facebook_app_id" />
33-->src/main/AndroidManifest.xml:12:63-102
34
35        <activity
35-->src/main/AndroidManifest.xml:13:7-23:18
36            android:name="com.milo.MainActivity"
36-->src/main/AndroidManifest.xml:14:9-37
37            android:configChanges="keyboard|keyboardHidden|orientation|screenSize|uiMode"
37-->src/main/AndroidManifest.xml:16:9-86
38            android:label="@string/app_name"
38-->src/main/AndroidManifest.xml:15:9-41
39            android:launchMode="singleTask"
39-->src/main/AndroidManifest.xml:17:9-40
40            android:windowSoftInputMode="adjustResize" >
40-->src/main/AndroidManifest.xml:18:9-51
41            <intent-filter>
41-->src/main/AndroidManifest.xml:19:9-22:25
42                <action android:name="android.intent.action.MAIN" />
42-->src/main/AndroidManifest.xml:20:13-65
42-->src/main/AndroidManifest.xml:20:21-62
43
44                <category android:name="android.intent.category.LAUNCHER" />
44-->src/main/AndroidManifest.xml:21:13-73
44-->src/main/AndroidManifest.xml:21:23-70
45            </intent-filter>
46        </activity>
47        <activity
47-->[com.google.firebase:firebase-auth:21.0.1] AndroidManifest.xml:27:9-44:20
48            android:name="com.google.firebase.auth.internal.GenericIdpActivity"
48-->[com.google.firebase:firebase-auth:21.0.1] AndroidManifest.xml:28:13-80
49            android:excludeFromRecents="true"
49-->[com.google.firebase:firebase-auth:21.0.1] AndroidManifest.xml:29:13-46
50            android:exported="true"
50-->[com.google.firebase:firebase-auth:21.0.1] AndroidManifest.xml:30:13-36
51            android:launchMode="singleTask"
51-->[com.google.firebase:firebase-auth:21.0.1] AndroidManifest.xml:31:13-44
52            android:theme="@android:style/Theme.Translucent.NoTitleBar" >
52-->[com.google.firebase:firebase-auth:21.0.1] AndroidManifest.xml:32:13-72
53            <intent-filter>
53-->[com.google.firebase:firebase-auth:21.0.1] AndroidManifest.xml:33:13-43:29
54                <action android:name="android.intent.action.VIEW" />
54-->[com.google.firebase:firebase-auth:21.0.1] AndroidManifest.xml:34:17-69
54-->[com.google.firebase:firebase-auth:21.0.1] AndroidManifest.xml:34:25-66
55
56                <category android:name="android.intent.category.DEFAULT" />
56-->[com.google.firebase:firebase-auth:21.0.1] AndroidManifest.xml:36:17-76
56-->[com.google.firebase:firebase-auth:21.0.1] AndroidManifest.xml:36:27-73
57                <category android:name="android.intent.category.BROWSABLE" />
57-->[com.google.firebase:firebase-auth:21.0.1] AndroidManifest.xml:37:17-78
57-->[com.google.firebase:firebase-auth:21.0.1] AndroidManifest.xml:37:27-75
58
59                <data
59-->[com.google.firebase:firebase-auth:21.0.1] AndroidManifest.xml:39:17-42:51
60                    android:host="firebase.auth"
60-->[com.google.firebase:firebase-auth:21.0.1] AndroidManifest.xml:40:21-49
61                    android:path="/"
61-->[com.google.firebase:firebase-auth:21.0.1] AndroidManifest.xml:41:21-37
62                    android:scheme="genericidp" />
62-->[com.google.firebase:firebase-auth:21.0.1] AndroidManifest.xml:42:21-48
63            </intent-filter>
64        </activity>
65        <activity
65-->[com.google.firebase:firebase-auth:21.0.1] AndroidManifest.xml:45:9-62:20
66            android:name="com.google.firebase.auth.internal.RecaptchaActivity"
66-->[com.google.firebase:firebase-auth:21.0.1] AndroidManifest.xml:46:13-79
67            android:excludeFromRecents="true"
67-->[com.google.firebase:firebase-auth:21.0.1] AndroidManifest.xml:47:13-46
68            android:exported="true"
68-->[com.google.firebase:firebase-auth:21.0.1] AndroidManifest.xml:48:13-36
69            android:launchMode="singleTask"
69-->[com.google.firebase:firebase-auth:21.0.1] AndroidManifest.xml:49:13-44
70            android:theme="@android:style/Theme.Translucent.NoTitleBar" >
70-->[com.google.firebase:firebase-auth:21.0.1] AndroidManifest.xml:50:13-72
71            <intent-filter>
71-->[com.google.firebase:firebase-auth:21.0.1] AndroidManifest.xml:51:13-61:29
72                <action android:name="android.intent.action.VIEW" />
72-->[com.google.firebase:firebase-auth:21.0.1] AndroidManifest.xml:34:17-69
72-->[com.google.firebase:firebase-auth:21.0.1] AndroidManifest.xml:34:25-66
73
74                <category android:name="android.intent.category.DEFAULT" />
74-->[com.google.firebase:firebase-auth:21.0.1] AndroidManifest.xml:36:17-76
74-->[com.google.firebase:firebase-auth:21.0.1] AndroidManifest.xml:36:27-73
75                <category android:name="android.intent.category.BROWSABLE" />
75-->[com.google.firebase:firebase-auth:21.0.1] AndroidManifest.xml:37:17-78
75-->[com.google.firebase:firebase-auth:21.0.1] AndroidManifest.xml:37:27-75
76
77                <data
77-->[com.google.firebase:firebase-auth:21.0.1] AndroidManifest.xml:39:17-42:51
78                    android:host="firebase.auth"
78-->[com.google.firebase:firebase-auth:21.0.1] AndroidManifest.xml:40:21-49
79                    android:path="/"
79-->[com.google.firebase:firebase-auth:21.0.1] AndroidManifest.xml:41:21-37
80                    android:scheme="recaptcha" />
80-->[com.google.firebase:firebase-auth:21.0.1] AndroidManifest.xml:42:21-48
81            </intent-filter>
82        </activity>
83
84        <service
84-->[com.google.firebase:firebase-auth:21.0.1] AndroidManifest.xml:64:9-73:19
85            android:name="com.google.firebase.auth.api.fallback.service.FirebaseAuthFallbackService"
85-->[com.google.firebase:firebase-auth:21.0.1] AndroidManifest.xml:65:13-101
86            android:enabled="true"
86-->[com.google.firebase:firebase-auth:21.0.1] AndroidManifest.xml:66:13-35
87            android:exported="false" >
87-->[com.google.firebase:firebase-auth:21.0.1] AndroidManifest.xml:67:13-37
88            <intent-filter>
88-->[com.google.firebase:firebase-auth:21.0.1] AndroidManifest.xml:68:13-72:29
89                <action android:name="com.google.firebase.auth.api.gms.service.START" />
89-->[com.google.firebase:firebase-auth:21.0.1] AndroidManifest.xml:69:17-89
89-->[com.google.firebase:firebase-auth:21.0.1] AndroidManifest.xml:69:25-86
90
91                <category android:name="android.intent.category.DEFAULT" />
91-->[com.google.firebase:firebase-auth:21.0.1] AndroidManifest.xml:36:17-76
91-->[com.google.firebase:firebase-auth:21.0.1] AndroidManifest.xml:36:27-73
92            </intent-filter>
93        </service>
94        <service
94-->[com.google.firebase:firebase-auth:21.0.1] AndroidManifest.xml:74:9-80:19
95            android:name="com.google.firebase.components.ComponentDiscoveryService"
95-->[com.google.firebase:firebase-auth:21.0.1] AndroidManifest.xml:75:13-84
96            android:directBootAware="true"
96-->[com.google.firebase:firebase-common:20.0.0] AndroidManifest.xml:35:13-43
97            android:exported="false" >
97-->[com.google.firebase:firebase-auth:21.0.1] AndroidManifest.xml:76:13-37
98            <meta-data
98-->[com.google.firebase:firebase-auth:21.0.1] AndroidManifest.xml:77:13-79:85
99                android:name="com.google.firebase.components:com.google.firebase.auth.FirebaseAuthRegistrar"
99-->[com.google.firebase:firebase-auth:21.0.1] AndroidManifest.xml:78:17-109
100                android:value="com.google.firebase.components.ComponentRegistrar" />
100-->[com.google.firebase:firebase-auth:21.0.1] AndroidManifest.xml:79:17-82
101        </service>
102
103        <activity
103-->[com.facebook.android:facebook-common:9.0.0] AndroidManifest.xml:30:9-33:66
104            android:name="com.facebook.FacebookActivity"
104-->[com.facebook.android:facebook-common:9.0.0] AndroidManifest.xml:31:13-57
105            android:configChanges="keyboard|keyboardHidden|screenLayout|screenSize|orientation"
105-->[com.facebook.android:facebook-common:9.0.0] AndroidManifest.xml:32:13-96
106            android:theme="@style/com_facebook_activity_theme" />
106-->[com.facebook.android:facebook-common:9.0.0] AndroidManifest.xml:33:13-63
107        <activity android:name="com.facebook.CustomTabMainActivity" />
107-->[com.facebook.android:facebook-common:9.0.0] AndroidManifest.xml:34:9-71
107-->[com.facebook.android:facebook-common:9.0.0] AndroidManifest.xml:34:19-68
108        <activity
108-->[com.facebook.android:facebook-common:9.0.0] AndroidManifest.xml:35:9-49:20
109            android:name="com.facebook.CustomTabActivity"
109-->[com.facebook.android:facebook-common:9.0.0] AndroidManifest.xml:36:13-58
110            android:exported="true" >
110-->[com.facebook.android:facebook-common:9.0.0] AndroidManifest.xml:37:13-36
111            <intent-filter>
111-->[com.facebook.android:facebook-common:9.0.0] AndroidManifest.xml:39:13-48:29
112                <action android:name="android.intent.action.VIEW" />
112-->[com.google.firebase:firebase-auth:21.0.1] AndroidManifest.xml:34:17-69
112-->[com.google.firebase:firebase-auth:21.0.1] AndroidManifest.xml:34:25-66
113
114                <category android:name="android.intent.category.DEFAULT" />
114-->[com.google.firebase:firebase-auth:21.0.1] AndroidManifest.xml:36:17-76
114-->[com.google.firebase:firebase-auth:21.0.1] AndroidManifest.xml:36:27-73
115                <category android:name="android.intent.category.BROWSABLE" />
115-->[com.google.firebase:firebase-auth:21.0.1] AndroidManifest.xml:37:17-78
115-->[com.google.firebase:firebase-auth:21.0.1] AndroidManifest.xml:37:27-75
116
117                <data
117-->[com.google.firebase:firebase-auth:21.0.1] AndroidManifest.xml:39:17-42:51
118                    android:host="cct.com.milo"
118-->[com.google.firebase:firebase-auth:21.0.1] AndroidManifest.xml:40:21-49
119                    android:scheme="fbconnect" />
119-->[com.google.firebase:firebase-auth:21.0.1] AndroidManifest.xml:42:21-48
120            </intent-filter>
121        </activity>
122        <activity
122-->[com.google.android.gms:play-services-auth:19.0.0] AndroidManifest.xml:23:9-27:75
123            android:name="com.google.android.gms.auth.api.signin.internal.SignInHubActivity"
123-->[com.google.android.gms:play-services-auth:19.0.0] AndroidManifest.xml:24:13-93
124            android:excludeFromRecents="true"
124-->[com.google.android.gms:play-services-auth:19.0.0] AndroidManifest.xml:25:13-46
125            android:exported="false"
125-->[com.google.android.gms:play-services-auth:19.0.0] AndroidManifest.xml:26:13-37
126            android:theme="@android:style/Theme.Translucent.NoTitleBar" />
126-->[com.google.android.gms:play-services-auth:19.0.0] AndroidManifest.xml:27:13-72
127        <!--
128            Service handling Google Sign-In user revocation. For apps that do not integrate with
129            Google Sign-In, this service will never be started.
130        -->
131        <service
131-->[com.google.android.gms:play-services-auth:19.0.0] AndroidManifest.xml:33:9-37:51
132            android:name="com.google.android.gms.auth.api.signin.RevocationBoundService"
132-->[com.google.android.gms:play-services-auth:19.0.0] AndroidManifest.xml:34:13-89
133            android:exported="true"
133-->[com.google.android.gms:play-services-auth:19.0.0] AndroidManifest.xml:35:13-36
134            android:permission="com.google.android.gms.auth.api.signin.permission.REVOCATION_NOTIFICATION"
134-->[com.google.android.gms:play-services-auth:19.0.0] AndroidManifest.xml:36:13-107
135            android:visibleToInstantApps="true" />
135-->[com.google.android.gms:play-services-auth:19.0.0] AndroidManifest.xml:37:13-48
136
137        <activity
137-->[com.google.android.gms:play-services-base:17.1.0] AndroidManifest.xml:23:9-26:75
138            android:name="com.google.android.gms.common.api.GoogleApiActivity"
138-->[com.google.android.gms:play-services-base:17.1.0] AndroidManifest.xml:24:13-79
139            android:exported="false"
139-->[com.google.android.gms:play-services-base:17.1.0] AndroidManifest.xml:25:13-37
140            android:theme="@android:style/Theme.Translucent.NoTitleBar" />
140-->[com.google.android.gms:play-services-base:17.1.0] AndroidManifest.xml:26:13-72
141
142        <provider
142-->[com.google.firebase:firebase-common:20.0.0] AndroidManifest.xml:26:9-31:39
143            android:name="com.google.firebase.provider.FirebaseInitProvider"
143-->[com.google.firebase:firebase-common:20.0.0] AndroidManifest.xml:27:13-77
144            android:authorities="com.milo.firebaseinitprovider"
144-->[com.google.firebase:firebase-common:20.0.0] AndroidManifest.xml:28:13-72
145            android:directBootAware="true"
145-->[com.google.firebase:firebase-common:20.0.0] AndroidManifest.xml:29:13-43
146            android:exported="false"
146-->[com.google.firebase:firebase-common:20.0.0] AndroidManifest.xml:30:13-37
147            android:initOrder="100" />
147-->[com.google.firebase:firebase-common:20.0.0] AndroidManifest.xml:31:13-36
148
149        <meta-data
149-->[com.google.android.gms:play-services-basement:17.1.1] AndroidManifest.xml:23:9-25:69
150            android:name="com.google.android.gms.version"
150-->[com.google.android.gms:play-services-basement:17.1.1] AndroidManifest.xml:24:13-58
151            android:value="@integer/google_play_services_version" />
151-->[com.google.android.gms:play-services-basement:17.1.1] AndroidManifest.xml:25:13-66
152        <!--
153         The initialization ContentProvider will call FacebookSdk.sdkInitialize automatically
154         with the application context. This config is merged in with the host app's manifest,
155         but there can only be one provider with the same authority activated at any given
156         point; so if the end user has two or more different apps that use Facebook SDK, only the
157         first one will be able to use the provider. To work around this problem, we use the
158         following placeholder in the authority to identify each host application as if it was
159         a completely different provider.
160        -->
161        <provider
161-->[com.facebook.android:facebook-core:9.0.0] AndroidManifest.xml:39:9-42:40
162            android:name="com.facebook.internal.FacebookInitProvider"
162-->[com.facebook.android:facebook-core:9.0.0] AndroidManifest.xml:40:13-70
163            android:authorities="com.milo.FacebookInitProvider"
163-->[com.facebook.android:facebook-core:9.0.0] AndroidManifest.xml:41:13-72
164            android:exported="false" />
164-->[com.facebook.android:facebook-core:9.0.0] AndroidManifest.xml:42:13-37
165
166        <receiver
166-->[com.facebook.android:facebook-core:9.0.0] AndroidManifest.xml:44:9-50:20
167            android:name="com.facebook.CurrentAccessTokenExpirationBroadcastReceiver"
167-->[com.facebook.android:facebook-core:9.0.0] AndroidManifest.xml:45:13-86
168            android:exported="false" >
168-->[com.facebook.android:facebook-core:9.0.0] AndroidManifest.xml:46:13-37
169            <intent-filter>
169-->[com.facebook.android:facebook-core:9.0.0] AndroidManifest.xml:47:13-49:29
170                <action android:name="com.facebook.sdk.ACTION_CURRENT_ACCESS_TOKEN_CHANGED" />
170-->[com.facebook.android:facebook-core:9.0.0] AndroidManifest.xml:48:17-95
170-->[com.facebook.android:facebook-core:9.0.0] AndroidManifest.xml:48:25-92
171            </intent-filter>
172        </receiver>
173    </application>
174
175</manifest>